# JRE version: Java(TM) SE Runtime Environment (8.0_144-b01) (build 1.8.0_144-b01)
# Java VM: Java HotSpot(TM) 64-Bit Server VM (25.144-b01 mixed mode bsd-amd64 compressed oops)
Heap:
 PSYoungGen      total 144384K, used 68146K [0x00000007b5580000, 0x00000007bff80000, 0x00000007c0000000)
  eden space 115712K, 57% used [0x00000007b5580000,0x00000007b95f4920,0x00000007bc680000)
  from space 28672K, 7% used [0x00000007be280000,0x00000007be498000,0x00000007bfe80000)
  to   space 28672K, 0% used [0x00000007bc680000,0x00000007bc680000,0x00000007be280000)
 ParOldGen       total 328192K, used 267474K [0x00000007a0000000, 0x00000007b4080000, 0x00000007b5580000)
  object space 328192K, 81% used [0x00000007a0000000,0x00000007b0534ab0,0x00000007b4080000)
 Metaspace       used 103213K, capacity 108908K, committed 109144K, reserved 1146880K
  class space    used 11580K, capacity 12548K, committed 12632K, reserved 1048576K
GC Heap History (10 events):
Event: 168.546 GC heap before
{Heap before GC invocations=172 (full 4):
 PSYoungGen      total 122368K, used 121956K [0x00000007b5580000, 0x00000007bfd80000, 0x00000007c0000000)
  eden space 110592K, 100% used [0x00000007b5580000,0x00000007bc180000,0x00000007bc180000)
  from space 11776K, 96% used [0x00000007bc180000,0x00000007bcc99310,0x00000007bcd00000)
  to   space 30720K, 0% used [0x00000007bdf80000,0x00000007bdf80000,0x00000007bfd80000)
 ParOldGen       total 328192K, used 251249K [0x00000007a0000000, 0x00000007b4080000, 0x00000007b5580000)
  object space 328192K, 76% used [0x00000007a0000000,0x00000007af55c6d0,0x00000007b4080000)
 Metaspace       used 103000K, capacity 108574K, committed 108888K, reserved 1144832K
  class space    used 11555K, capacity 12509K, committed 12632K, reserved 1048576K
Event: 168.559 GC heap after
Heap after GC invocations=172 (full 4):
 PSYoungGen      total 141824K, used 6880K [0x00000007b5580000, 0x00000007c0000000, 0x00000007c0000000)
  eden space 111104K, 0% used [0x00000007b5580000,0x00000007b5580000,0x00000007bc200000)
  from space 30720K, 22% used [0x00000007bdf80000,0x00000007be638000,0x00000007bfd80000)
  to   space 30208K, 0% used [0x00000007bc200000,0x00000007bc200000,0x00000007bdf80000)
 ParOldGen       total 328192K, used 255046K [0x00000007a0000000, 0x00000007b4080000, 0x00000007b5580000)
  object space 328192K, 77% used [0x00000007a0000000,0x00000007af911a40,0x00000007b4080000)
 Metaspace       used 103000K, capacity 108574K, committed 108888K, reserved 1144832K
  class space    used 11555K, capacity 12509K, committed 12632K, reserved 1048576K
}
Event: 168.847 GC heap before
{Heap before GC invocations=173 (full 4):
 PSYoungGen      total 141824K, used 117984K [0x00000007b5580000, 0x00000007c0000000, 0x00000007c0000000)
  eden space 111104K, 100% used [0x00000007b5580000,0x00000007bc200000,0x00000007bc200000)
  from space 30720K, 22% used [0x00000007bdf80000,0x00000007be638000,0x00000007bfd80000)
  to   space 30208K, 0% used [0x00000007bc200000,0x00000007bc200000,0x00000007bdf80000)
 ParOldGen       total 328192K, used 255046K [0x00000007a0000000, 0x00000007b4080000, 0x00000007b5580000)
  object space 328192K, 77% used [0x00000007a0000000,0x00000007af911a40,0x00000007b4080000)
 Metaspace       used 103000K, capacity 108574K, committed 108888K, reserved 1144832K
  class space    used 11555K, capacity 12509K, committed 12632K, reserved 1048576K
Event: 168.893 GC heap after
Heap after GC invocations=173 (full 4):
 PSYoungGen      total 141312K, used 5216K [0x00000007b5580000, 0x00000007bfe80000, 0x00000007c0000000)
  eden space 111104K, 0% used [0x00000007b5580000,0x00000007b5580000,0x00000007bc200000)
  from space 30208K, 17% used [0x00000007bc200000,0x00000007bc718000,0x00000007bdf80000)
  to   space 29696K, 0% used [0x00000007be180000,0x00000007be180000,0x00000007bfe80000)
 ParOldGen       total 328192K, used 258254K [0x00000007a0000000, 0x00000007b4080000, 0x00000007b5580000)
  object space 328192K, 78% used [0x00000007a0000000,0x00000007afc33a40,0x00000007b4080000)
 Metaspace       used 103000K, capacity 108574K, committed 108888K, reserved 1144832K
  class space    used 11555K, capacity 12509K, committed 12632K, reserved 1048576K
}
Event: 169.496 GC heap before
{Heap before GC invocations=174 (full 4):
 PSYoungGen      total 141312K, used 116320K [0x00000007b5580000, 0x00000007bfe80000, 0x00000007c0000000)
  eden space 111104K, 100% used [0x00000007b5580000,0x00000007bc200000,0x00000007bc200000)
  from space 30208K, 17% used [0x00000007bc200000,0x00000007bc718000,0x00000007bdf80000)
  to   space 29696K, 0% used [0x00000007be180000,0x00000007be180000,0x00000007bfe80000)
 ParOldGen       total 328192K, used 258254K [0x00000007a0000000, 0x00000007b4080000, 0x00000007b5580000)
  object space 328192K, 78% used [0x00000007a0000000,0x00000007afc33a40,0x00000007b4080000)
 Metaspace       used 103007K, capacity 108574K, committed 108888K, reserved 1144832K
  class space    used 11555K, capacity 12509K, committed 12632K, reserved 1048576K
Event: 169.506 GC heap after
Heap after GC invocations=174 (full 4):
 PSYoungGen      total 143872K, used 5366K [0x00000007b5580000, 0x00000007bfe80000, 0x00000007c0000000)
  eden space 114176K, 0% used [0x00000007b5580000,0x00000007b5580000,0x00000007bc500000)
  from space 29696K, 18% used [0x00000007be180000,0x00000007be6bd8f8,0x00000007bfe80000)
  to   space 29184K, 0% used [0x00000007bc500000,0x00000007bc500000,0x00000007be180000)
 ParOldGen       total 328192K, used 260602K [0x00000007a0000000, 0x00000007b4080000, 0x00000007b5580000)
  object space 328192K, 79% used [0x00000007a0000000,0x00000007afe7ea50,0x00000007b4080000)
 Metaspace       used 103007K, capacity 108574K, committed 108888K, reserved 1144832K
  class space    used 11555K, capacity 12509K, committed 12632K, reserved 1048576K
}
Event: 169.747 GC heap before
{Heap before GC invocations=175 (full 4):
 PSYoungGen      total 143872K, used 119542K [0x00000007b5580000, 0x00000007bfe80000, 0x00000007c0000000)
  eden space 114176K, 100% used [0x00000007b5580000,0x00000007bc500000,0x00000007bc500000)
  from space 29696K, 18% used [0x00000007be180000,0x00000007be6bd8f8,0x00000007bfe80000)
  to   space 29184K, 0% used [0x00000007bc500000,0x00000007bc500000,0x00000007be180000)
 ParOldGen       total 328192K, used 260602K [0x00000007a0000000, 0x00000007b4080000, 0x00000007b5580000)
  object space 328192K, 79% used [0x00000007a0000000,0x00000007afe7ea50,0x00000007b4080000)
 Metaspace       used 103013K, capacity 108574K, committed 108888K, reserved 1144832K
  class space    used 11555K, capacity 12509K, committed 12632K, reserved 1048576K
Event: 169.758 GC heap after
Heap after GC invocations=175 (full 4):
 PSYoungGen      total 143360K, used 4288K [0x00000007b5580000, 0x00000007bfe80000, 0x00000007c0000000)
  eden space 114176K, 0% used [0x00000007b5580000,0x00000007b5580000,0x00000007bc500000)
  from space 29184K, 14% used [0x00000007bc500000,0x00000007bc930000,0x00000007be180000)
  to   space 28672K, 0% used [0x00000007be280000,0x00000007be280000,0x00000007bfe80000)
 ParOldGen       total 328192K, used 263354K [0x00000007a0000000, 0x00000007b4080000, 0x00000007b5580000)
  object space 328192K, 80% used [0x00000007a0000000,0x00000007b012eab0,0x00000007b4080000)
 Metaspace       used 103013K, capacity 108574K, committed 108888K, reserved 1144832K
  class space    used 11555K, capacity 12509K, committed 12632K, reserved 1048576K
}
Event: 170.031 GC heap before
{Heap before GC invocations=176 (full 4):
 PSYoungGen      total 143360K, used 118464K [0x00000007b5580000, 0x00000007bfe80000, 0x00000007c0000000)
  eden space 114176K, 100% used [0x00000007b5580000,0x00000007bc500000,0x00000007bc500000)
  from space 29184K, 14% used [0x00000007bc500000,0x00000007bc930000,0x00000007be180000)
  to   space 28672K, 0% used [0x00000007be280000,0x00000007be280000,0x00000007bfe80000)
 ParOldGen       total 328192K, used 263354K [0x00000007a0000000, 0x00000007b4080000, 0x00000007b5580000)
  object space 328192K, 80% used [0x00000007a0000000,0x00000007b012eab0,0x00000007b4080000)
 Metaspace       used 103015K, capacity 108574K, committed 108888K, reserved 1144832K
  class space    used 11555K, capacity 12509K, committed 12632K, reserved 1048576K
Event: 170.046 GC heap after
Heap after GC invocations=176 (full 4):
 PSYoungGen      total 144384K, used 2144K [0x00000007b5580000, 0x00000007bff80000, 0x00000007c0000000)
  eden space 115712K, 0% used [0x00000007b5580000,0x00000007b5580000,0x00000007bc680000)
  from space 28672K, 7% used [0x00000007be280000,0x00000007be498000,0x00000007bfe80000)
  to   space 28672K, 0% used [0x00000007bc680000,0x00000007bc680000,0x00000007be280000)
 ParOldGen       total 328192K, used 267474K [0x00000007a0000000, 0x00000007b4080000, 0x00000007b5580000)
  object space 328192K, 81% used [0x00000007a0000000,0x00000007b0534ab0,0x00000007b4080000)
 Metaspace       used 103015K, capacity 108574K, committed 108888K, reserved 1144832K
  class space    used 11555K, capacity 12509K, committed 12632K, reserved 1048576K
}

