# JRE version: OpenJDK Runtime Environment Zulu13.44+13-CA (13.0.9+3) (build 13.0.9+3-MTS)
# Java VM: OpenJDK 64-Bit Server VM Zulu13.44+13-CA (13.0.9+3-MTS, mixed mode, tiered, compressed oops, g1 gc, bsd-aarch64)
Heap:
 garbage-first heap   total 253952K, used 132278K [0x00000005c0000000, 0x00000007c0000000)
  region size 2048K, 41 young (83968K), 7 survivors (14336K)
 Metaspace       used 63179K, capacity 64694K, committed 64896K, reserved 1105920K
  class space    used 7588K, capacity 8192K, committed 8256K, reserved 1048576K
GC Heap History (20 events):
Event: 1.488 GC heap before
{Heap before GC invocations=10 (full 0):
 garbage-first heap   total 96256K, used 53305K [0x00000005c0000000, 0x00000007c0000000)
  region size 2048K, 17 young (34816K), 3 survivors (6144K)
 Metaspace       used 35202K, capacity 35925K, committed 36032K, reserved 1081344K
  class space    used 4091K, capacity 4382K, committed 4416K, reserved 1048576K
}
Event: 1.490 GC heap after
{Heap after GC invocations=11 (full 0):
 garbage-first heap   total 311296K, used 29506K [0x00000005c0000000, 0x00000007c0000000)
  region size 2048K, 2 young (4096K), 2 survivors (4096K)
 Metaspace       used 35202K, capacity 35925K, committed 36032K, reserved 1081344K
  class space    used 4091K, capacity 4382K, committed 4416K, reserved 1048576K
}
Event: 1.795 GC heap before
{Heap before GC invocations=12 (full 0):
 garbage-first heap   total 116736K, used 95042K [0x00000005c0000000, 0x00000007c0000000)
  region size 2048K, 34 young (69632K), 2 survivors (4096K)
 Metaspace       used 38519K, capacity 39308K, committed 39616K, reserved 1083392K
  class space    used 4508K, capacity 4820K, committed 4928K, reserved 1048576K
}
Event: 1.798 GC heap after
{Heap after GC invocations=13 (full 0):
 garbage-first heap   total 116736K, used 33012K [0x00000005c0000000, 0x00000007c0000000)
  region size 2048K, 4 young (8192K), 4 survivors (8192K)
 Metaspace       used 38519K, capacity 39308K, committed 39616K, reserved 1083392K
  class space    used 4508K, capacity 4820K, committed 4928K, reserved 1048576K
}
Event: 1.933 GC heap before
{Heap before GC invocations=13 (full 0):
 garbage-first heap   total 116736K, used 82164K [0x00000005c0000000, 0x00000007c0000000)
  region size 2048K, 29 young (59392K), 4 survivors (8192K)
 Metaspace       used 38749K, capacity 39504K, committed 39616K, reserved 1083392K
  class space    used 4519K, capacity 4820K, committed 4928K, reserved 1048576K
}
Event: 1.938 GC heap after
{Heap after GC invocations=14 (full 0):
 garbage-first heap   total 116736K, used 35678K [0x00000005c0000000, 0x00000007c0000000)
  region size 2048K, 4 young (8192K), 4 survivors (8192K)
 Metaspace       used 38749K, capacity 39504K, committed 39616K, reserved 1083392K
  class space    used 4519K, capacity 4820K, committed 4928K, reserved 1048576K
}
Event: 2.016 GC heap before
{Heap before GC invocations=14 (full 0):
 garbage-first heap   total 116736K, used 82782K [0x00000005c0000000, 0x00000007c0000000)
  region size 2048K, 28 young (57344K), 4 survivors (8192K)
 Metaspace       used 39227K, capacity 40004K, committed 40128K, reserved 1085440K
  class space    used 4561K, capacity 4859K, committed 4928K, reserved 1048576K
}
Event: 2.018 GC heap after
{Heap after GC invocations=15 (full 0):
 garbage-first heap   total 116736K, used 37088K [0x00000005c0000000, 0x00000007c0000000)
  region size 2048K, 2 young (4096K), 2 survivors (4096K)
 Metaspace       used 39227K, capacity 40004K, committed 40128K, reserved 1085440K
  class space    used 4561K, capacity 4859K, committed 4928K, reserved 1048576K
}
Event: 2.163 GC heap before
{Heap before GC invocations=15 (full 0):
 garbage-first heap   total 116736K, used 86240K [0x00000005c0000000, 0x00000007c0000000)
  region size 2048K, 27 young (55296K), 2 survivors (4096K)
 Metaspace       used 41864K, capacity 42665K, committed 42944K, reserved 1087488K
  class space    used 4971K, capacity 5319K, committed 5440K, reserved 1048576K
}
Event: 2.165 GC heap after
{Heap after GC invocations=16 (full 0):
 garbage-first heap   total 321536K, used 38800K [0x00000005c0000000, 0x00000007c0000000)
  region size 2048K, 3 young (6144K), 3 survivors (6144K)
 Metaspace       used 41864K, capacity 42665K, committed 42944K, reserved 1087488K
  class space    used 4971K, capacity 5319K, committed 5440K, reserved 1048576K
}
Event: 2.609 GC heap before
{Heap before GC invocations=16 (full 0):
 garbage-first heap   total 321536K, used 165776K [0x00000005c0000000, 0x00000007c0000000)
  region size 2048K, 66 young (135168K), 3 survivors (6144K)
 Metaspace       used 44728K, capacity 45649K, committed 45888K, reserved 1089536K
  class space    used 5347K, capacity 5719K, committed 5824K, reserved 1048576K
}
Event: 2.614 GC heap after
{Heap after GC invocations=17 (full 0):
 garbage-first heap   total 321536K, used 44652K [0x00000005c0000000, 0x00000007c0000000)
  region size 2048K, 6 young (12288K), 6 survivors (12288K)
 Metaspace       used 44728K, capacity 45649K, committed 45888K, reserved 1089536K
  class space    used 5347K, capacity 5719K, committed 5824K, reserved 1048576K
}
Event: 3.123 GC heap before
{Heap before GC invocations=17 (full 0):
 garbage-first heap   total 321536K, used 179820K [0x00000005c0000000, 0x00000007c0000000)
  region size 2048K, 73 young (149504K), 6 survivors (12288K)
 Metaspace       used 49554K, capacity 50611K, committed 50880K, reserved 1093632K
  class space    used 5991K, capacity 6420K, committed 6464K, reserved 1048576K
}
Event: 3.133 GC heap after
{Heap after GC invocations=18 (full 0):
 garbage-first heap   total 321536K, used 52420K [0x00000005c0000000, 0x00000007c0000000)
  region size 2048K, 9 young (18432K), 9 survivors (18432K)
 Metaspace       used 49554K, capacity 50611K, committed 50880K, reserved 1093632K
  class space    used 5991K, capacity 6420K, committed 6464K, reserved 1048576K
}
Event: 3.284 GC heap before
{Heap before GC invocations=18 (full 0):
 garbage-first heap   total 321536K, used 195780K [0x00000005c0000000, 0x00000007c0000000)
  region size 2048K, 79 young (161792K), 9 survivors (18432K)
 Metaspace       used 50214K, capacity 51309K, committed 51392K, reserved 1093632K
  class space    used 6048K, capacity 6461K, committed 6464K, reserved 1048576K
}
Event: 3.288 GC heap after
{Heap after GC invocations=19 (full 0):
 garbage-first heap   total 321536K, used 57743K [0x00000005c0000000, 0x00000007c0000000)
  region size 2048K, 7 young (14336K), 7 survivors (14336K)
 Metaspace       used 50214K, capacity 51309K, committed 51392K, reserved 1093632K
  class space    used 6048K, capacity 6461K, committed 6464K, reserved 1048576K
}
Event: 4.258 GC heap before
{Heap before GC invocations=19 (full 0):
 garbage-first heap   total 321536K, used 227727K [0x00000005c0000000, 0x00000007c0000000)
  region size 2048K, 90 young (184320K), 7 survivors (14336K)
 Metaspace       used 58840K, capacity 60197K, committed 60480K, reserved 1101824K
  class space    used 7055K, capacity 7568K, committed 7616K, reserved 1048576K
}
Event: 4.265 GC heap after
{Heap after GC invocations=20 (full 0):
 garbage-first heap   total 393216K, used 65004K [0x00000005c0000000, 0x00000007c0000000)
  region size 2048K, 7 young (14336K), 7 survivors (14336K)
 Metaspace       used 58840K, capacity 60197K, committed 60480K, reserved 1101824K
  class space    used 7055K, capacity 7568K, committed 7616K, reserved 1048576K
}
Event: 4.273 GC heap before
{Heap before GC invocations=20 (full 0):
 garbage-first heap   total 393216K, used 65004K [0x00000005c0000000, 0x00000007c0000000)
  region size 2048K, 8 young (16384K), 7 survivors (14336K)
 Metaspace       used 58950K, capacity 60363K, committed 60480K, reserved 1101824K
  class space    used 7068K, capacity 7602K, committed 7616K, reserved 1048576K
}
Event: 4.278 GC heap after
{Heap after GC invocations=21 (full 0):
 garbage-first heap   total 393216K, used 64694K [0x00000005c0000000, 0x00000007c0000000)
  region size 2048K, 7 young (14336K), 7 survivors (14336K)
 Metaspace       used 58950K, capacity 60363K, committed 60480K, reserved 1101824K
  class space    used 7068K, capacity 7602K, committed 7616K, reserved 1048576K
}

