# JRE version: OpenJDK Runtime Environment Zulu13.44+13-CA (13.0.9+3) (build 13.0.9+3-MTS)
# Java VM: OpenJDK 64-Bit Server VM Zulu13.44+13-CA (13.0.9+3-MTS, mixed mode, tiered, compressed oops, g1 gc, bsd-aarch64)
Heap:
 garbage-first heap   total 301056K, used 174781K [0x00000005c0000000, 0x00000007c0000000)
  region size 2048K, 54 young (110592K), 5 survivors (10240K)
 Metaspace       used 66654K, capacity 68688K, committed 68864K, reserved 1107968K
  class space    used 8677K, capacity 9429K, committed 9472K, reserved 1048576K
GC Heap History (20 events):
Event: 2.685 GC heap before
{Heap before GC invocations=13 (full 0):
 garbage-first heap   total 172032K, used 124897K [0x00000005c0000000, 0x00000007c0000000)
  region size 2048K, 45 young (92160K), 5 survivors (10240K)
 Metaspace       used 41128K, capacity 42233K, committed 42496K, reserved 1085440K
  class space    used 5197K, capacity 5618K, committed 5632K, reserved 1048576K
}
Event: 2.688 GC heap after
{Heap after GC invocations=14 (full 0):
 garbage-first heap   total 172032K, used 49941K [0x00000005c0000000, 0x00000007c0000000)
  region size 2048K, 6 young (12288K), 6 survivors (12288K)
 Metaspace       used 41128K, capacity 42233K, committed 42496K, reserved 1085440K
  class space    used 5197K, capacity 5618K, committed 5632K, reserved 1048576K
}
Event: 2.986 GC heap before
{Heap before GC invocations=14 (full 0):
 garbage-first heap   total 172032K, used 127765K [0x00000005c0000000, 0x00000007c0000000)
  region size 2048K, 44 young (90112K), 6 survivors (12288K)
 Metaspace       used 43074K, capacity 44116K, committed 44416K, reserved 1087488K
  class space    used 5521K, capacity 5920K, committed 6016K, reserved 1048576K
}
Event: 2.990 GC heap after
{Heap after GC invocations=15 (full 0):
 garbage-first heap   total 206848K, used 52321K [0x00000005c0000000, 0x00000007c0000000)
  region size 2048K, 4 young (8192K), 4 survivors (8192K)
 Metaspace       used 43074K, capacity 44116K, committed 44416K, reserved 1087488K
  class space    used 5521K, capacity 5920K, committed 6016K, reserved 1048576K
}
Event: 3.190 GC heap before
{Heap before GC invocations=15 (full 0):
 garbage-first heap   total 206848K, used 146529K [0x00000005c0000000, 0x00000007c0000000)
  region size 2048K, 51 young (104448K), 4 survivors (8192K)
 Metaspace       used 45715K, capacity 46930K, committed 47104K, reserved 1089536K
  class space    used 5862K, capacity 6317K, committed 6400K, reserved 1048576K
}
Event: 3.193 GC heap after
{Heap after GC invocations=16 (full 0):
 garbage-first heap   total 206848K, used 55156K [0x00000005c0000000, 0x00000007c0000000)
  region size 2048K, 6 young (12288K), 6 survivors (12288K)
 Metaspace       used 45715K, capacity 46930K, committed 47104K, reserved 1089536K
  class space    used 5862K, capacity 6317K, committed 6400K, reserved 1048576K
}
Event: 3.308 GC heap before
{Heap before GC invocations=16 (full 0):
 garbage-first heap   total 206848K, used 149364K [0x00000005c0000000, 0x00000007c0000000)
  region size 2048K, 53 young (108544K), 6 survivors (12288K)
 Metaspace       used 46175K, capacity 47462K, committed 47616K, reserved 1091584K
  class space    used 5905K, capacity 6388K, committed 6400K, reserved 1048576K
}
Event: 3.311 GC heap after
{Heap after GC invocations=17 (full 0):
 garbage-first heap   total 206848K, used 59457K [0x00000005c0000000, 0x00000007c0000000)
  region size 2048K, 5 young (10240K), 5 survivors (10240K)
 Metaspace       used 46175K, capacity 47462K, committed 47616K, reserved 1091584K
  class space    used 5905K, capacity 6388K, committed 6400K, reserved 1048576K
}
Event: 3.475 GC heap before
{Heap before GC invocations=17 (full 0):
 garbage-first heap   total 206848K, used 157761K [0x00000005c0000000, 0x00000007c0000000)
  region size 2048K, 52 young (106496K), 5 survivors (10240K)
 Metaspace       used 47497K, capacity 48798K, committed 48896K, reserved 1091584K
  class space    used 6102K, capacity 6626K, committed 6656K, reserved 1048576K
}
Event: 3.478 GC heap after
{Heap after GC invocations=18 (full 0):
 garbage-first heap   total 206848K, used 60014K [0x00000005c0000000, 0x00000007c0000000)
  region size 2048K, 4 young (8192K), 4 survivors (8192K)
 Metaspace       used 47497K, capacity 48798K, committed 48896K, reserved 1091584K
  class space    used 6102K, capacity 6626K, committed 6656K, reserved 1048576K
}
Event: 3.786 GC heap before
{Heap before GC invocations=18 (full 0):
 garbage-first heap   total 206848K, used 158318K [0x00000005c0000000, 0x00000007c0000000)
  region size 2048K, 52 young (106496K), 4 survivors (8192K)
 Metaspace       used 50925K, capacity 52369K, committed 52480K, reserved 1095680K
  class space    used 6594K, capacity 7155K, committed 7168K, reserved 1048576K
}
Event: 3.789 GC heap after
{Heap after GC invocations=19 (full 0):
 garbage-first heap   total 249856K, used 63716K [0x00000005c0000000, 0x00000007c0000000)
  region size 2048K, 5 young (10240K), 5 survivors (10240K)
 Metaspace       used 50925K, capacity 52369K, committed 52480K, reserved 1095680K
  class space    used 6594K, capacity 7155K, committed 7168K, reserved 1048576K
}
Event: 4.299 GC heap before
{Heap before GC invocations=19 (full 0):
 garbage-first heap   total 249856K, used 178404K [0x00000005c0000000, 0x00000007c0000000)
  region size 2048K, 61 young (124928K), 5 survivors (10240K)
 Metaspace       used 54183K, capacity 55801K, committed 56064K, reserved 1097728K
  class space    used 6949K, capacity 7575K, committed 7680K, reserved 1048576K
}
Event: 4.302 GC heap after
{Heap after GC invocations=20 (full 0):
 garbage-first heap   total 249856K, used 68361K [0x00000005c0000000, 0x00000007c0000000)
  region size 2048K, 7 young (14336K), 7 survivors (14336K)
 Metaspace       used 54183K, capacity 55801K, committed 56064K, reserved 1097728K
  class space    used 6949K, capacity 7575K, committed 7680K, reserved 1048576K
}
Event: 4.773 GC heap before
{Heap before GC invocations=20 (full 0):
 garbage-first heap   total 249856K, used 183049K [0x00000005c0000000, 0x00000007c0000000)
  region size 2048K, 63 young (129024K), 7 survivors (14336K)
 Metaspace       used 57893K, capacity 59585K, committed 59904K, reserved 1101824K
  class space    used 7424K, capacity 8065K, committed 8192K, reserved 1048576K
}
Event: 4.778 GC heap after
{Heap after GC invocations=21 (full 0):
 garbage-first heap   total 249856K, used 73756K [0x00000005c0000000, 0x00000007c0000000)
  region size 2048K, 7 young (14336K), 7 survivors (14336K)
 Metaspace       used 57893K, capacity 59585K, committed 59904K, reserved 1101824K
  class space    used 7424K, capacity 8065K, committed 8192K, reserved 1048576K
}
Event: 4.897 GC heap before
{Heap before GC invocations=21 (full 0):
 garbage-first heap   total 249856K, used 135196K [0x00000005c0000000, 0x00000007c0000000)
  region size 2048K, 38 young (77824K), 7 survivors (14336K)
 Metaspace       used 58419K, capacity 60054K, committed 60160K, reserved 1101824K
  class space    used 7493K, capacity 8137K, committed 8192K, reserved 1048576K
}
Event: 4.901 GC heap after
{Heap after GC invocations=22 (full 0):
 garbage-first heap   total 249856K, used 74237K [0x00000005c0000000, 0x00000007c0000000)
  region size 2048K, 4 young (8192K), 4 survivors (8192K)
 Metaspace       used 58419K, capacity 60054K, committed 60160K, reserved 1101824K
  class space    used 7493K, capacity 8137K, committed 8192K, reserved 1048576K
}
Event: 5.159 GC heap before
{Heap before GC invocations=23 (full 0):
 garbage-first heap   total 249856K, used 184829K [0x00000005c0000000, 0x00000007c0000000)
  region size 2048K, 58 young (118784K), 4 survivors (8192K)
 Metaspace       used 60887K, capacity 62682K, committed 62848K, reserved 1103872K
  class space    used 7863K, capacity 8540K, committed 8576K, reserved 1048576K
}
Event: 5.165 GC heap after
{Heap after GC invocations=24 (full 0):
 garbage-first heap   total 301056K, used 76477K [0x00000005c0000000, 0x00000007c0000000)
  region size 2048K, 5 young (10240K), 5 survivors (10240K)
 Metaspace       used 60887K, capacity 62682K, committed 62848K, reserved 1103872K
  class space    used 7863K, capacity 8540K, committed 8576K, reserved 1048576K
}

