# JRE version: Java(TM) SE Runtime Environment (8.0_144-b01) (build 1.8.0_144-b01)
# Java VM: Java HotSpot(TM) 64-Bit Server VM (25.144-b01 mixed mode bsd-amd64 compressed oops)
Heap:
 PSYoungGen      total 1333248K, used 350883K [0x000000076ab00000, 0x00000007c0000000, 0x00000007c0000000)
  eden space 1274880K, 24% used [0x000000076ab00000,0x000000077d970cd0,0x00000007b8800000)
  from space 58368K, 70% used [0x00000007bc700000,0x00000007bef38310,0x00000007c0000000)
  to   space 61440K, 0% used [0x00000007b8800000,0x00000007b8800000,0x00000007bc400000)
 ParOldGen       total 363520K, used 169260K [0x00000006c0000000, 0x00000006d6300000, 0x000000076ab00000)
  object space 363520K, 46% used [0x00000006c0000000,0x00000006ca54b3a8,0x00000006d6300000)
 Metaspace       used 89734K, capacity 95117K, committed 95232K, reserved 1132544K
  class space    used 11298K, capacity 12193K, committed 12288K, reserved 1048576K
GC Heap History (10 events):
Event: 82.702 GC heap before
{Heap before GC invocations=30 (full 3):
 PSYoungGen      total 1345536K, used 1342244K [0x000000076ab00000, 0x00000007c0000000, 0x00000007c0000000)
  eden space 1303552K, 100% used [0x000000076ab00000,0x00000007ba400000,0x00000007ba400000)
  from space 41984K, 92% used [0x00000007bd700000,0x00000007bfcc93e8,0x00000007c0000000)
  to   space 47104K, 0% used [0x00000007ba400000,0x00000007ba400000,0x00000007bd200000)
 ParOldGen       total 185344K, used 153002K [0x00000006c0000000, 0x00000006cb500000, 0x000000076ab00000)
  object space 185344K, 82% used [0x00000006c0000000,0x00000006c956a958,0x00000006cb500000)
 Metaspace       used 87247K, capacity 92201K, committed 92416K, reserved 1130496K
  class space    used 11115K, capacity 11972K, committed 12032K, reserved 1048576K
Event: 82.740 GC heap after
Heap after GC invocations=30 (full 3):
 PSYoungGen      total 1350656K, used 47077K [0x000000076ab00000, 0x00000007c0000000, 0x00000007c0000000)
  eden space 1303552K, 0% used [0x000000076ab00000,0x000000076ab00000,0x00000007ba400000)
  from space 47104K, 99% used [0x00000007ba400000,0x00000007bd1f9410,0x00000007bd200000)
  to   space 47104K, 0% used [0x00000007bd200000,0x00000007bd200000,0x00000007c0000000)
 ParOldGen       total 185344K, used 154918K [0x00000006c0000000, 0x00000006cb500000, 0x000000076ab00000)
  object space 185344K, 83% used [0x00000006c0000000,0x00000006c9749a08,0x00000006cb500000)
 Metaspace       used 87247K, capacity 92201K, committed 92416K, reserved 1130496K
  class space    used 11115K, capacity 11972K, committed 12032K, reserved 1048576K
}
Event: 86.806 GC heap before
{Heap before GC invocations=31 (full 3):
 PSYoungGen      total 1350656K, used 1350629K [0x000000076ab00000, 0x00000007c0000000, 0x00000007c0000000)
  eden space 1303552K, 100% used [0x000000076ab00000,0x00000007ba400000,0x00000007ba400000)
  from space 47104K, 99% used [0x00000007ba400000,0x00000007bd1f9410,0x00000007bd200000)
  to   space 47104K, 0% used [0x00000007bd200000,0x00000007bd200000,0x00000007c0000000)
 ParOldGen       total 185344K, used 154918K [0x00000006c0000000, 0x00000006cb500000, 0x000000076ab00000)
  object space 185344K, 83% used [0x00000006c0000000,0x00000006c9749a08,0x00000006cb500000)
 Metaspace       used 88601K, capacity 93769K, committed 94080K, reserved 1130496K
  class space    used 11227K, capacity 12101K, committed 12160K, reserved 1048576K
Event: 86.853 GC heap after
Heap after GC invocations=31 (full 3):
 PSYoungGen      total 1325056K, used 45028K [0x000000076ab00000, 0x00000007c0000000, 0x00000007c0000000)
  eden space 1277952K, 0% used [0x000000076ab00000,0x000000076ab00000,0x00000007b8b00000)
  from space 47104K, 95% used [0x00000007bd200000,0x00000007bfdf9178,0x00000007c0000000)
  to   space 59904K, 0% used [0x00000007b8b00000,0x00000007b8b00000,0x00000007bc580000)
 ParOldGen       total 185344K, used 173303K [0x00000006c0000000, 0x00000006cb500000, 0x000000076ab00000)
  object space 185344K, 93% used [0x00000006c0000000,0x00000006ca93dfe8,0x00000006cb500000)
 Metaspace       used 88601K, capacity 93769K, committed 94080K, reserved 1130496K
  class space    used 11227K, capacity 12101K, committed 12160K, reserved 1048576K
}
Event: 86.853 GC heap before
{Heap before GC invocations=32 (full 4):
 PSYoungGen      total 1325056K, used 45028K [0x000000076ab00000, 0x00000007c0000000, 0x00000007c0000000)
  eden space 1277952K, 0% used [0x000000076ab00000,0x000000076ab00000,0x00000007b8b00000)
  from space 47104K, 95% used [0x00000007bd200000,0x00000007bfdf9178,0x00000007c0000000)
  to   space 59904K, 0% used [0x00000007b8b00000,0x00000007b8b00000,0x00000007bc580000)
 ParOldGen       total 185344K, used 173303K [0x00000006c0000000, 0x00000006cb500000, 0x000000076ab00000)
  object space 185344K, 93% used [0x00000006c0000000,0x00000006ca93dfe8,0x00000006cb500000)
 Metaspace       used 88601K, capacity 93769K, committed 94080K, reserved 1130496K
  class space    used 11227K, capacity 12101K, committed 12160K, reserved 1048576K
Event: 87.416 GC heap after
Heap after GC invocations=32 (full 4):
 PSYoungGen      total 1325056K, used 0K [0x000000076ab00000, 0x00000007c0000000, 0x00000007c0000000)
  eden space 1277952K, 0% used [0x000000076ab00000,0x000000076ab00000,0x00000007b8b00000)
  from space 47104K, 0% used [0x00000007bd200000,0x00000007bd200000,0x00000007c0000000)
  to   space 59904K, 0% used [0x00000007b8b00000,0x00000007b8b00000,0x00000007bc580000)
 ParOldGen       total 363520K, used 169244K [0x00000006c0000000, 0x00000006d6300000, 0x000000076ab00000)
  object space 363520K, 46% used [0x00000006c0000000,0x00000006ca5473a8,0x00000006d6300000)
 Metaspace       used 88601K, capacity 93769K, committed 94080K, reserved 1130496K
  class space    used 11227K, capacity 12101K, committed 12160K, reserved 1048576K
}
Event: 91.331 GC heap before
{Heap before GC invocations=33 (full 4):
 PSYoungGen      total 1325056K, used 1277952K [0x000000076ab00000, 0x00000007c0000000, 0x00000007c0000000)
  eden space 1277952K, 100% used [0x000000076ab00000,0x00000007b8b00000,0x00000007b8b00000)
  from space 47104K, 0% used [0x00000007bd200000,0x00000007bd200000,0x00000007c0000000)
  to   space 59904K, 0% used [0x00000007b8b00000,0x00000007b8b00000,0x00000007bc580000)
 ParOldGen       total 363520K, used 169244K [0x00000006c0000000, 0x00000006d6300000, 0x000000076ab00000)
  object space 363520K, 46% used [0x00000006c0000000,0x00000006ca5473a8,0x00000006d6300000)
 Metaspace       used 89333K, capacity 94677K, committed 94976K, reserved 1132544K
  class space    used 11273K, capacity 12163K, committed 12288K, reserved 1048576K
Event: 91.355 GC heap after
Heap after GC invocations=33 (full 4):
 PSYoungGen      total 1337856K, used 14515K [0x000000076ab00000, 0x00000007c0000000, 0x00000007c0000000)
  eden space 1277952K, 0% used [0x000000076ab00000,0x000000076ab00000,0x00000007b8b00000)
  from space 59904K, 24% used [0x00000007b8b00000,0x00000007b992cd10,0x00000007bc580000)
  to   space 58368K, 0% used [0x00000007bc700000,0x00000007bc700000,0x00000007c0000000)
 ParOldGen       total 363520K, used 169252K [0x00000006c0000000, 0x00000006d6300000, 0x000000076ab00000)
  object space 363520K, 46% used [0x00000006c0000000,0x00000006ca5493a8,0x00000006d6300000)
 Metaspace       used 89333K, capacity 94677K, committed 94976K, reserved 1132544K
  class space    used 11273K, capacity 12163K, committed 12288K, reserved 1048576K
}
Event: 97.174 GC heap before
{Heap before GC invocations=34 (full 4):
 PSYoungGen      total 1337856K, used 1292467K [0x000000076ab00000, 0x00000007c0000000, 0x00000007c0000000)
  eden space 1277952K, 100% used [0x000000076ab00000,0x00000007b8b00000,0x00000007b8b00000)
  from space 59904K, 24% used [0x00000007b8b00000,0x00000007b992cd10,0x00000007bc580000)
  to   space 58368K, 0% used [0x00000007bc700000,0x00000007bc700000,0x00000007c0000000)
 ParOldGen       total 363520K, used 169252K [0x00000006c0000000, 0x00000006d6300000, 0x000000076ab00000)
  object space 363520K, 46% used [0x00000006c0000000,0x00000006ca5493a8,0x00000006d6300000)
 Metaspace       used 89509K, capacity 94811K, committed 94976K, reserved 1132544K
  class space    used 11281K, capacity 12164K, committed 12288K, reserved 1048576K
Event: 97.209 GC heap after
Heap after GC invocations=34 (full 4):
 PSYoungGen      total 1333248K, used 41184K [0x000000076ab00000, 0x00000007c0000000, 0x00000007c0000000)
  eden space 1274880K, 0% used [0x000000076ab00000,0x000000076ab00000,0x00000007b8800000)
  from space 58368K, 70% used [0x00000007bc700000,0x00000007bef38310,0x00000007c0000000)
  to   space 61440K, 0% used [0x00000007b8800000,0x00000007b8800000,0x00000007bc400000)
 ParOldGen       total 363520K, used 169260K [0x00000006c0000000, 0x00000006d6300000, 0x000000076ab00000)
  object space 363520K, 46% used [0x00000006c0000000,0x00000006ca54b3a8,0x00000006d6300000)
 Metaspace       used 89509K, capacity 94811K, committed 94976K, reserved 1132544K
  class space    used 11281K, capacity 12164K, committed 12288K, reserved 1048576K
}

