# JRE version: OpenJDK Runtime Environment Zulu13.44+13-CA (13.0.9+3) (build 13.0.9+3-MTS)
# Java VM: OpenJDK 64-Bit Server VM Zulu13.44+13-CA (13.0.9+3-MTS, mixed mode, tiered, compressed oops, g1 gc, bsd-aarch64)
Heap:
 garbage-first heap   total 311296K, used 143722K [0x00000005c0000000, 0x00000007c0000000)
  region size 2048K, 61 young (124928K), 2 survivors (4096K)
 Metaspace       used 31410K, capacity 32004K, committed 32112K, reserved 1077248K
  class space    used 3706K, capacity 3952K, committed 4032K, reserved 1048576K
GC Heap History (12 events):
Event: 0.209 GC heap before
{Heap before GC invocations=0 (full 0):
 garbage-first heap   total 524288K, used 22528K [0x00000005c0000000, 0x00000007c0000000)
  region size 2048K, 12 young (24576K), 0 survivors (0K)
 Metaspace       used 5350K, capacity 5444K, committed 5632K, reserved 1056768K
  class space    used 464K, capacity 496K, committed 512K, reserved 1048576K
}
Event: 0.211 GC heap after
{Heap after GC invocations=1 (full 0):
 garbage-first heap   total 524288K, used 9762K [0x00000005c0000000, 0x00000007c0000000)
  region size 2048K, 2 young (4096K), 2 survivors (4096K)
 Metaspace       used 5350K, capacity 5444K, committed 5632K, reserved 1056768K
  class space    used 464K, capacity 496K, committed 512K, reserved 1048576K
}
Event: 0.324 GC heap before
{Heap before GC invocations=1 (full 0):
 garbage-first heap   total 524288K, used 28194K [0x00000005c0000000, 0x00000007c0000000)
  region size 2048K, 12 young (24576K), 2 survivors (4096K)
 Metaspace       used 9067K, capacity 9200K, committed 9472K, reserved 1058816K
  class space    used 857K, capacity 926K, committed 1024K, reserved 1048576K
}
Event: 0.325 GC heap after
{Heap after GC invocations=2 (full 0):
 garbage-first heap   total 524288K, used 13991K [0x00000005c0000000, 0x00000007c0000000)
  region size 2048K, 2 young (4096K), 2 survivors (4096K)
 Metaspace       used 9067K, capacity 9200K, committed 9472K, reserved 1058816K
  class space    used 857K, capacity 926K, committed 1024K, reserved 1048576K
}
Event: 0.554 GC heap before
{Heap before GC invocations=2 (full 0):
 garbage-first heap   total 524288K, used 56999K [0x00000005c0000000, 0x00000007c0000000)
  region size 2048K, 24 young (49152K), 2 survivors (4096K)
 Metaspace       used 15195K, capacity 15392K, committed 15488K, reserved 1062912K
  class space    used 1526K, capacity 1629K, committed 1664K, reserved 1048576K
}
Event: 0.556 GC heap after
{Heap after GC invocations=3 (full 0):
 garbage-first heap   total 524288K, used 18427K [0x00000005c0000000, 0x00000007c0000000)
  region size 2048K, 3 young (6144K), 3 survivors (6144K)
 Metaspace       used 15195K, capacity 15392K, committed 15488K, reserved 1062912K
  class space    used 1526K, capacity 1629K, committed 1664K, reserved 1048576K
}
Event: 0.647 GC heap before
{Heap before GC invocations=3 (full 0):
 garbage-first heap   total 524288K, used 81915K [0x00000005c0000000, 0x00000007c0000000)
  region size 2048K, 35 young (71680K), 3 survivors (6144K)
 Metaspace       used 18214K, capacity 18514K, committed 18688K, reserved 1067008K
  class space    used 1928K, capacity 2043K, committed 2048K, reserved 1048576K
}
Event: 0.650 GC heap after
{Heap after GC invocations=4 (full 0):
 garbage-first heap   total 524288K, used 24198K [0x00000005c0000000, 0x00000007c0000000)
  region size 2048K, 5 young (10240K), 5 survivors (10240K)
 Metaspace       used 18214K, capacity 18514K, committed 18688K, reserved 1067008K
  class space    used 1928K, capacity 2043K, committed 2048K, reserved 1048576K
}
Event: 0.795 GC heap before
{Heap before GC invocations=4 (full 0):
 garbage-first heap   total 524288K, used 124550K [0x00000005c0000000, 0x00000007c0000000)
  region size 2048K, 56 young (114688K), 5 survivors (10240K)
 Metaspace       used 20815K, capacity 21153K, committed 21296K, reserved 1069056K
  class space    used 2249K, capacity 2374K, committed 2432K, reserved 1048576K
}
Event: 0.800 GC heap after
{Heap after GC invocations=5 (full 0):
 garbage-first heap   total 524288K, used 25268K [0x00000005c0000000, 0x00000007c0000000)
  region size 2048K, 6 young (12288K), 6 survivors (12288K)
 Metaspace       used 20815K, capacity 21153K, committed 21296K, reserved 1069056K
  class space    used 2249K, capacity 2374K, committed 2432K, reserved 1048576K
}
Event: 1.191 GC heap before
{Heap before GC invocations=6 (full 0):
 garbage-first heap   total 96256K, used 68276K [0x00000005c0000000, 0x00000007c0000000)
  region size 2048K, 28 young (57344K), 6 survivors (12288K)
 Metaspace       used 24161K, capacity 24651K, committed 24944K, reserved 1071104K
  class space    used 2700K, capacity 2891K, committed 3008K, reserved 1048576K
}
Event: 1.197 GC heap after
{Heap after GC invocations=7 (full 0):
 garbage-first heap   total 311296K, used 26986K [0x00000005c0000000, 0x00000007c0000000)
  region size 2048K, 2 young (4096K), 2 survivors (4096K)
 Metaspace       used 24161K, capacity 24651K, committed 24944K, reserved 1071104K
  class space    used 2700K, capacity 2891K, committed 3008K, reserved 1048576K
}

