# JRE version: Java(TM) SE Runtime Environment (8.0_144-b01) (build 1.8.0_144-b01)
# Java VM: Java HotSpot(TM) 64-Bit Server VM (25.144-b01 mixed mode bsd-amd64 compressed oops)
Heap:
 PSYoungGen      total 159744K, used 89621K [0x00000007b5580000, 0x00000007bfe80000, 0x00000007c0000000)
  eden space 147456K, 58% used [0x00000007b5580000,0x00000007baa3d620,0x00000007be580000)
  from space 12288K, 23% used [0x00000007be580000,0x00000007be848000,0x00000007bf180000)
  to   space 11776K, 0% used [0x00000007bf300000,0x00000007bf300000,0x00000007bfe80000)
 ParOldGen       total 349696K, used 274223K [0x00000007a0000000, 0x00000007b5580000, 0x00000007b5580000)
  object space 349696K, 78% used [0x00000007a0000000,0x00000007b0bcbe38,0x00000007b5580000)
 Metaspace       used 101168K, capacity 106596K, committed 106868K, reserved 1144832K
  class space    used 11401K, capacity 12334K, committed 12404K, reserved 1048576K
GC Heap History (10 events):
Event: 100.188 GC heap before
{Heap before GC invocations=149 (full 4):
 PSYoungGen      total 158208K, used 145824K [0x00000007b5580000, 0x00000007c0000000, 0x00000007c0000000)
  eden space 143360K, 100% used [0x00000007b5580000,0x00000007be180000,0x00000007be180000)
  from space 14848K, 16% used [0x00000007bef80000,0x00000007bf1e8000,0x00000007bfe00000)
  to   space 14336K, 0% used [0x00000007be180000,0x00000007be180000,0x00000007bef80000)
 ParOldGen       total 349696K, used 263675K [0x00000007a0000000, 0x00000007b5580000, 0x00000007b5580000)
  object space 349696K, 75% used [0x00000007a0000000,0x00000007b017edc8,0x00000007b5580000)
 Metaspace       used 101084K, capacity 106502K, committed 106612K, reserved 1142784K
  class space    used 11397K, capacity 12329K, committed 12404K, reserved 1048576K
Event: 100.195 GC heap after
Heap after GC invocations=149 (full 4):
 PSYoungGen      total 157696K, used 1600K [0x00000007b5580000, 0x00000007bff80000, 0x00000007c0000000)
  eden space 143360K, 0% used [0x00000007b5580000,0x00000007b5580000,0x00000007be180000)
  from space 14336K, 11% used [0x00000007be180000,0x00000007be310000,0x00000007bef80000)
  to   space 14336K, 0% used [0x00000007bf180000,0x00000007bf180000,0x00000007bff80000)
 ParOldGen       total 349696K, used 266027K [0x00000007a0000000, 0x00000007b5580000, 0x00000007b5580000)
  object space 349696K, 76% used [0x00000007a0000000,0x00000007b03cadc8,0x00000007b5580000)
 Metaspace       used 101084K, capacity 106502K, committed 106612K, reserved 1142784K
  class space    used 11397K, capacity 12329K, committed 12404K, reserved 1048576K
}
Event: 100.591 GC heap before
{Heap before GC invocations=150 (full 4):
 PSYoungGen      total 157696K, used 144960K [0x00000007b5580000, 0x00000007bff80000, 0x00000007c0000000)
  eden space 143360K, 100% used [0x00000007b5580000,0x00000007be180000,0x00000007be180000)
  from space 14336K, 11% used [0x00000007be180000,0x00000007be310000,0x00000007bef80000)
  to   space 14336K, 0% used [0x00000007bf180000,0x00000007bf180000,0x00000007bff80000)
 ParOldGen       total 349696K, used 266027K [0x00000007a0000000, 0x00000007b5580000, 0x00000007b5580000)
  object space 349696K, 76% used [0x00000007a0000000,0x00000007b03cadc8,0x00000007b5580000)
 Metaspace       used 101089K, capacity 106566K, committed 106868K, reserved 1144832K
  class space    used 11397K, capacity 12329K, committed 12404K, reserved 1048576K
Event: 100.596 GC heap after
Heap after GC invocations=150 (full 4):
 PSYoungGen      total 159744K, used 1728K [0x00000007b5580000, 0x00000007bff00000, 0x00000007c0000000)
  eden space 145920K, 0% used [0x00000007b5580000,0x00000007b5580000,0x00000007be400000)
  from space 13824K, 12% used [0x00000007bf180000,0x00000007bf330000,0x00000007bff00000)
  to   space 13824K, 0% used [0x00000007be400000,0x00000007be400000,0x00000007bf180000)
 ParOldGen       total 349696K, used 267559K [0x00000007a0000000, 0x00000007b5580000, 0x00000007b5580000)
  object space 349696K, 76% used [0x00000007a0000000,0x00000007b0549dd8,0x00000007b5580000)
 Metaspace       used 101089K, capacity 106566K, committed 106868K, reserved 1144832K
  class space    used 11397K, capacity 12329K, committed 12404K, reserved 1048576K
}
Event: 100.937 GC heap before
{Heap before GC invocations=151 (full 4):
 PSYoungGen      total 159744K, used 147648K [0x00000007b5580000, 0x00000007bff00000, 0x00000007c0000000)
  eden space 145920K, 100% used [0x00000007b5580000,0x00000007be400000,0x00000007be400000)
  from space 13824K, 12% used [0x00000007bf180000,0x00000007bf330000,0x00000007bff00000)
  to   space 13824K, 0% used [0x00000007be400000,0x00000007be400000,0x00000007bf180000)
 ParOldGen       total 349696K, used 267559K [0x00000007a0000000, 0x00000007b5580000, 0x00000007b5580000)
  object space 349696K, 76% used [0x00000007a0000000,0x00000007b0549dd8,0x00000007b5580000)
 Metaspace       used 101091K, capacity 106566K, committed 106868K, reserved 1144832K
  class space    used 11397K, capacity 12329K, committed 12404K, reserved 1048576K
Event: 100.943 GC heap after
Heap after GC invocations=151 (full 4):
 PSYoungGen      total 159744K, used 2838K [0x00000007b5580000, 0x00000007bfe00000, 0x00000007c0000000)
  eden space 145920K, 0% used [0x00000007b5580000,0x00000007b5580000,0x00000007be400000)
  from space 13824K, 20% used [0x00000007be400000,0x00000007be6c58f8,0x00000007bf180000)
  to   space 12800K, 0% used [0x00000007bf180000,0x00000007bf180000,0x00000007bfe00000)
 ParOldGen       total 349696K, used 269227K [0x00000007a0000000, 0x00000007b5580000, 0x00000007b5580000)
  object space 349696K, 76% used [0x00000007a0000000,0x00000007b06eae28,0x00000007b5580000)
 Metaspace       used 101091K, capacity 106566K, committed 106868K, reserved 1144832K
  class space    used 11397K, capacity 12329K, committed 12404K, reserved 1048576K
}
Event: 101.288 GC heap before
{Heap before GC invocations=152 (full 4):
 PSYoungGen      total 159744K, used 148758K [0x00000007b5580000, 0x00000007bfe00000, 0x00000007c0000000)
  eden space 145920K, 100% used [0x00000007b5580000,0x00000007be400000,0x00000007be400000)
  from space 13824K, 20% used [0x00000007be400000,0x00000007be6c58f8,0x00000007bf180000)
  to   space 12800K, 0% used [0x00000007bf180000,0x00000007bf180000,0x00000007bfe00000)
 ParOldGen       total 349696K, used 269227K [0x00000007a0000000, 0x00000007b5580000, 0x00000007b5580000)
  object space 349696K, 76% used [0x00000007a0000000,0x00000007b06eae28,0x00000007b5580000)
 Metaspace       used 101101K, capacity 106566K, committed 106868K, reserved 1144832K
  class space    used 11397K, capacity 12329K, committed 12404K, reserved 1048576K
Event: 101.297 GC heap after
Heap after GC invocations=152 (full 4):
 PSYoungGen      total 160256K, used 2784K [0x00000007b5580000, 0x00000007bfe00000, 0x00000007c0000000)
  eden space 147456K, 0% used [0x00000007b5580000,0x00000007b5580000,0x00000007be580000)
  from space 12800K, 21% used [0x00000007bf180000,0x00000007bf438000,0x00000007bfe00000)
  to   space 12288K, 0% used [0x00000007be580000,0x00000007be580000,0x00000007bf180000)
 ParOldGen       total 349696K, used 271627K [0x00000007a0000000, 0x00000007b5580000, 0x00000007b5580000)
  object space 349696K, 77% used [0x00000007a0000000,0x00000007b0942e28,0x00000007b5580000)
 Metaspace       used 101101K, capacity 106566K, committed 106868K, reserved 1144832K
  class space    used 11397K, capacity 12329K, committed 12404K, reserved 1048576K
}
Event: 101.612 GC heap before
{Heap before GC invocations=153 (full 4):
 PSYoungGen      total 160256K, used 150240K [0x00000007b5580000, 0x00000007bfe00000, 0x00000007c0000000)
  eden space 147456K, 100% used [0x00000007b5580000,0x00000007be580000,0x00000007be580000)
  from space 12800K, 21% used [0x00000007bf180000,0x00000007bf438000,0x00000007bfe00000)
  to   space 12288K, 0% used [0x00000007be580000,0x00000007be580000,0x00000007bf180000)
 ParOldGen       total 349696K, used 271627K [0x00000007a0000000, 0x00000007b5580000, 0x00000007b5580000)
  object space 349696K, 77% used [0x00000007a0000000,0x00000007b0942e28,0x00000007b5580000)
 Metaspace       used 101106K, capacity 106566K, committed 106868K, reserved 1144832K
  class space    used 11397K, capacity 12329K, committed 12404K, reserved 1048576K
Event: 101.621 GC heap after
Heap after GC invocations=153 (full 4):
 PSYoungGen      total 159744K, used 2848K [0x00000007b5580000, 0x00000007bfe80000, 0x00000007c0000000)
  eden space 147456K, 0% used [0x00000007b5580000,0x00000007b5580000,0x00000007be580000)
  from space 12288K, 23% used [0x00000007be580000,0x00000007be848000,0x00000007bf180000)
  to   space 11776K, 0% used [0x00000007bf300000,0x00000007bf300000,0x00000007bfe80000)
 ParOldGen       total 349696K, used 274223K [0x00000007a0000000, 0x00000007b5580000, 0x00000007b5580000)
  object space 349696K, 78% used [0x00000007a0000000,0x00000007b0bcbe38,0x00000007b5580000)
 Metaspace       used 101106K, capacity 106566K, committed 106868K, reserved 1144832K
  class space    used 11397K, capacity 12329K, committed 12404K, reserved 1048576K
}

