# JRE version: Java(TM) SE Runtime Environment (8.0_144-b01) (build 1.8.0_144-b01)
# Java VM: Java HotSpot(TM) 64-Bit Server VM (25.144-b01 mixed mode bsd-amd64 compressed oops)
Heap:
 PSYoungGen      total 1289728K, used 595981K [0x000000076ab00000, 0x00000007c0000000, 0x00000007c0000000)
  eden space 1195520K, 44% used [0x000000076ab00000,0x000000078ad58e98,0x00000007b3a80000)
  from space 94208K, 73% used [0x00000007b9b00000,0x00000007bdeaa660,0x00000007bf700000)
  to   space 98816K, 0% used [0x00000007b3a80000,0x00000007b3a80000,0x00000007b9b00000)
 ParOldGen       total 408064K, used 164476K [0x00000006c0000000, 0x00000006d8e80000, 0x000000076ab00000)
  object space 408064K, 40% used [0x00000006c0000000,0x00000006ca09f0c8,0x00000006d8e80000)
 Metaspace       used 100964K, capacity 107990K, committed 108032K, reserved 1142784K
  class space    used 13614K, capacity 14808K, committed 14848K, reserved 1048576K
GC Heap History (10 events):
Event: 90.910 GC heap before
{Heap before GC invocations=32 (full 4):
 PSYoungGen      total 1284608K, used 1195350K [0x000000076ab00000, 0x00000007c0000000, 0x00000007c0000000)
  eden space 1171456K, 100% used [0x000000076ab00000,0x00000007b2300000,0x00000007b2300000)
  from space 113152K, 21% used [0x00000007b2300000,0x00000007b3a55ac8,0x00000007b9180000)
  to   space 110592K, 0% used [0x00000007b9400000,0x00000007b9400000,0x00000007c0000000)
 ParOldGen       total 408064K, used 164436K [0x00000006c0000000, 0x00000006d8e80000, 0x000000076ab00000)
  object space 408064K, 40% used [0x00000006c0000000,0x00000006ca0950c8,0x00000006d8e80000)
 Metaspace       used 97045K, capacity 103646K, committed 103936K, reserved 1138688K
  class space    used 13118K, capacity 14232K, committed 14336K, reserved 1048576K
Event: 90.926 GC heap after
Heap after GC invocations=32 (full 4):
 PSYoungGen      total 1278976K, used 17524K [0x000000076ab00000, 0x00000007bfa80000, 0x00000007c0000000)
  eden space 1174016K, 0% used [0x000000076ab00000,0x000000076ab00000,0x00000007b2580000)
  from space 104960K, 16% used [0x00000007b9400000,0x00000007ba51d0a0,0x00000007bfa80000)
  to   space 109056K, 0% used [0x00000007b2580000,0x00000007b2580000,0x00000007b9000000)
 ParOldGen       total 408064K, used 164444K [0x00000006c0000000, 0x00000006d8e80000, 0x000000076ab00000)
  object space 408064K, 40% used [0x00000006c0000000,0x00000006ca0970c8,0x00000006d8e80000)
 Metaspace       used 97045K, capacity 103646K, committed 103936K, reserved 1138688K
  class space    used 13118K, capacity 14232K, committed 14336K, reserved 1048576K
}
Event: 93.905 GC heap before
{Heap before GC invocations=33 (full 4):
 PSYoungGen      total 1278976K, used 1191540K [0x000000076ab00000, 0x00000007bfa80000, 0x00000007c0000000)
  eden space 1174016K, 100% used [0x000000076ab00000,0x00000007b2580000,0x00000007b2580000)
  from space 104960K, 16% used [0x00000007b9400000,0x00000007ba51d0a0,0x00000007bfa80000)
  to   space 109056K, 0% used [0x00000007b2580000,0x00000007b2580000,0x00000007b9000000)
 ParOldGen       total 408064K, used 164444K [0x00000006c0000000, 0x00000006d8e80000, 0x000000076ab00000)
  object space 408064K, 40% used [0x00000006c0000000,0x00000006ca0970c8,0x00000006d8e80000)
 Metaspace       used 97122K, capacity 103670K, committed 103936K, reserved 1138688K
  class space    used 13120K, capacity 14236K, committed 14336K, reserved 1048576K
Event: 93.934 GC heap after
Heap after GC invocations=33 (full 4):
 PSYoungGen      total 1283072K, used 40334K [0x000000076ab00000, 0x00000007bf900000, 0x00000007c0000000)
  eden space 1174016K, 0% used [0x000000076ab00000,0x000000076ab00000,0x00000007b2580000)
  from space 109056K, 36% used [0x00000007b2580000,0x00000007b4ce3b48,0x00000007b9000000)
  to   space 103424K, 0% used [0x00000007b9400000,0x00000007b9400000,0x00000007bf900000)
 ParOldGen       total 408064K, used 164452K [0x00000006c0000000, 0x00000006d8e80000, 0x000000076ab00000)
  object space 408064K, 40% used [0x00000006c0000000,0x00000006ca0990c8,0x00000006d8e80000)
 Metaspace       used 97122K, capacity 103670K, committed 103936K, reserved 1138688K
  class space    used 13120K, capacity 14236K, committed 14336K, reserved 1048576K
}
Event: 96.862 GC heap before
{Heap before GC invocations=34 (full 4):
 PSYoungGen      total 1283072K, used 1214350K [0x000000076ab00000, 0x00000007bf900000, 0x00000007c0000000)
  eden space 1174016K, 100% used [0x000000076ab00000,0x00000007b2580000,0x00000007b2580000)
  from space 109056K, 36% used [0x00000007b2580000,0x00000007b4ce3b48,0x00000007b9000000)
  to   space 103424K, 0% used [0x00000007b9400000,0x00000007b9400000,0x00000007bf900000)
 ParOldGen       total 408064K, used 164452K [0x00000006c0000000, 0x00000006d8e80000, 0x000000076ab00000)
  object space 408064K, 40% used [0x00000006c0000000,0x00000006ca0990c8,0x00000006d8e80000)
 Metaspace       used 97373K, capacity 103968K, committed 104192K, reserved 1138688K
  class space    used 13132K, capacity 14241K, committed 14336K, reserved 1048576K
Event: 96.911 GC heap after
Heap after GC invocations=34 (full 4):
 PSYoungGen      total 1283072K, used 50300K [0x000000076ab00000, 0x00000007bf380000, 0x00000007c0000000)
  eden space 1185280K, 0% used [0x000000076ab00000,0x000000076ab00000,0x00000007b3080000)
  from space 97792K, 51% used [0x00000007b9400000,0x00000007bc51f1d0,0x00000007bf380000)
  to   space 99840K, 0% used [0x00000007b3080000,0x00000007b3080000,0x00000007b9200000)
 ParOldGen       total 408064K, used 164460K [0x00000006c0000000, 0x00000006d8e80000, 0x000000076ab00000)
  object space 408064K, 40% used [0x00000006c0000000,0x00000006ca09b0c8,0x00000006d8e80000)
 Metaspace       used 97373K, capacity 103968K, committed 104192K, reserved 1138688K
  class space    used 13132K, capacity 14241K, committed 14336K, reserved 1048576K
}
Event: 100.773 GC heap before
{Heap before GC invocations=35 (full 4):
 PSYoungGen      total 1283072K, used 1235580K [0x000000076ab00000, 0x00000007bf380000, 0x00000007c0000000)
  eden space 1185280K, 100% used [0x000000076ab00000,0x00000007b3080000,0x00000007b3080000)
  from space 97792K, 51% used [0x00000007b9400000,0x00000007bc51f1d0,0x00000007bf380000)
  to   space 99840K, 0% used [0x00000007b3080000,0x00000007b3080000,0x00000007b9200000)
 ParOldGen       total 408064K, used 164460K [0x00000006c0000000, 0x00000006d8e80000, 0x000000076ab00000)
  object space 408064K, 40% used [0x00000006c0000000,0x00000006ca09b0c8,0x00000006d8e80000)
 Metaspace       used 98939K, capacity 105842K, committed 105984K, reserved 1140736K
  class space    used 13373K, capacity 14520K, committed 14592K, reserved 1048576K
Event: 100.803 GC heap after
Heap after GC invocations=35 (full 4):
 PSYoungGen      total 1285120K, used 43699K [0x000000076ab00000, 0x00000007bf700000, 0x00000007c0000000)
  eden space 1185280K, 0% used [0x000000076ab00000,0x000000076ab00000,0x00000007b3080000)
  from space 99840K, 43% used [0x00000007b3080000,0x00000007b5b2ce10,0x00000007b9200000)
  to   space 94208K, 0% used [0x00000007b9b00000,0x00000007b9b00000,0x00000007bf700000)
 ParOldGen       total 408064K, used 164468K [0x00000006c0000000, 0x00000006d8e80000, 0x000000076ab00000)
  object space 408064K, 40% used [0x00000006c0000000,0x00000006ca09d0c8,0x00000006d8e80000)
 Metaspace       used 98939K, capacity 105842K, committed 105984K, reserved 1140736K
  class space    used 13373K, capacity 14520K, committed 14592K, reserved 1048576K
}
Event: 105.684 GC heap before
{Heap before GC invocations=36 (full 4):
 PSYoungGen      total 1285120K, used 1228979K [0x000000076ab00000, 0x00000007bf700000, 0x00000007c0000000)
  eden space 1185280K, 100% used [0x000000076ab00000,0x00000007b3080000,0x00000007b3080000)
  from space 99840K, 43% used [0x00000007b3080000,0x00000007b5b2ce10,0x00000007b9200000)
  to   space 94208K, 0% used [0x00000007b9b00000,0x00000007b9b00000,0x00000007bf700000)
 ParOldGen       total 408064K, used 164468K [0x00000006c0000000, 0x00000006d8e80000, 0x000000076ab00000)
  object space 408064K, 40% used [0x00000006c0000000,0x00000006ca09d0c8,0x00000006d8e80000)
 Metaspace       used 100297K, capacity 107290K, committed 107392K, reserved 1142784K
  class space    used 13507K, capacity 14676K, committed 14720K, reserved 1048576K
Event: 105.752 GC heap after
Heap after GC invocations=36 (full 4):
 PSYoungGen      total 1289728K, used 69289K [0x000000076ab00000, 0x00000007c0000000, 0x00000007c0000000)
  eden space 1195520K, 0% used [0x000000076ab00000,0x000000076ab00000,0x00000007b3a80000)
  from space 94208K, 73% used [0x00000007b9b00000,0x00000007bdeaa660,0x00000007bf700000)
  to   space 98816K, 0% used [0x00000007b3a80000,0x00000007b3a80000,0x00000007b9b00000)
 ParOldGen       total 408064K, used 164476K [0x00000006c0000000, 0x00000006d8e80000, 0x000000076ab00000)
  object space 408064K, 40% used [0x00000006c0000000,0x00000006ca09f0c8,0x00000006d8e80000)
 Metaspace       used 100297K, capacity 107290K, committed 107392K, reserved 1142784K
  class space    used 13507K, capacity 14676K, committed 14720K, reserved 1048576K
}

