# JRE version: Java(TM) SE Runtime Environment (8.0_144-b01) (build 1.8.0_144-b01)
# Java VM: Java HotSpot(TM) 64-Bit Server VM (25.144-b01 mixed mode bsd-amd64 compressed oops)
Heap:
 PSYoungGen      total 147456K, used 100909K [0x00000007b5580000, 0x00000007bfd80000, 0x00000007c0000000)
  eden space 124928K, 77% used [0x00000007b5580000,0x00000007bb42b798,0x00000007bcf80000)
  from space 22528K, 17% used [0x00000007be780000,0x00000007beb60000,0x00000007bfd80000)
  to   space 23552K, 0% used [0x00000007bcf80000,0x00000007bcf80000,0x00000007be680000)
 ParOldGen       total 348160K, used 275955K [0x00000007a0000000, 0x00000007b5400000, 0x00000007b5580000)
  object space 348160K, 79% used [0x00000007a0000000,0x00000007b0d7cc00,0x00000007b5400000)
 Metaspace       used 99413K, capacity 104694K, committed 104960K, reserved 1142784K
  class space    used 11192K, capacity 12011K, committed 12032K, reserved 1048576K
GC Heap History (10 events):
Event: 90.412 GC heap before
{Heap before GC invocations=148 (full 4):
 PSYoungGen      total 144896K, used 122816K [0x00000007b5580000, 0x00000007bfe80000, 0x00000007c0000000)
  eden space 117760K, 100% used [0x00000007b5580000,0x00000007bc880000,0x00000007bc880000)
  from space 27136K, 18% used [0x00000007bc880000,0x00000007bcd70000,0x00000007be300000)
  to   space 26624K, 0% used [0x00000007be480000,0x00000007be480000,0x00000007bfe80000)
 ParOldGen       total 348160K, used 265498K [0x00000007a0000000, 0x00000007b5400000, 0x00000007b5580000)
  object space 348160K, 76% used [0x00000007a0000000,0x00000007b0346b80,0x00000007b5400000)
 Metaspace       used 99189K, capacity 104376K, committed 104448K, reserved 1142784K
  class space    used 11169K, capacity 11988K, committed 12032K, reserved 1048576K
Event: 90.426 GC heap after
Heap after GC invocations=148 (full 4):
 PSYoungGen      total 146944K, used 2848K [0x00000007b5580000, 0x00000007bfe80000, 0x00000007c0000000)
  eden space 120320K, 0% used [0x00000007b5580000,0x00000007b5580000,0x00000007bcb00000)
  from space 26624K, 10% used [0x00000007be480000,0x00000007be748000,0x00000007bfe80000)
  to   space 26112K, 0% used [0x00000007bcb00000,0x00000007bcb00000,0x00000007be480000)
 ParOldGen       total 348160K, used 269082K [0x00000007a0000000, 0x00000007b5400000, 0x00000007b5580000)
  object space 348160K, 77% used [0x00000007a0000000,0x00000007b06c6b80,0x00000007b5400000)
 Metaspace       used 99189K, capacity 104376K, committed 104448K, reserved 1142784K
  class space    used 11169K, capacity 11988K, committed 12032K, reserved 1048576K
}
Event: 91.299 GC heap before
{Heap before GC invocations=149 (full 4):
 PSYoungGen      total 146944K, used 123168K [0x00000007b5580000, 0x00000007bfe80000, 0x00000007c0000000)
  eden space 120320K, 100% used [0x00000007b5580000,0x00000007bcb00000,0x00000007bcb00000)
  from space 26624K, 10% used [0x00000007be480000,0x00000007be748000,0x00000007bfe80000)
  to   space 26112K, 0% used [0x00000007bcb00000,0x00000007bcb00000,0x00000007be480000)
 ParOldGen       total 348160K, used 269082K [0x00000007a0000000, 0x00000007b5400000, 0x00000007b5580000)
  object space 348160K, 77% used [0x00000007a0000000,0x00000007b06c6b80,0x00000007b5400000)
 Metaspace       used 99191K, capacity 104376K, committed 104448K, reserved 1142784K
  class space    used 11169K, capacity 11988K, committed 12032K, reserved 1048576K
Event: 91.305 GC heap after
Heap after GC invocations=149 (full 4):
 PSYoungGen      total 146432K, used 1632K [0x00000007b5580000, 0x00000007bff80000, 0x00000007c0000000)
  eden space 120320K, 0% used [0x00000007b5580000,0x00000007b5580000,0x00000007bcb00000)
  from space 26112K, 6% used [0x00000007bcb00000,0x00000007bcc98000,0x00000007be480000)
  to   space 26112K, 0% used [0x00000007be600000,0x00000007be600000,0x00000007bff80000)
 ParOldGen       total 348160K, used 271818K [0x00000007a0000000, 0x00000007b5400000, 0x00000007b5580000)
  object space 348160K, 78% used [0x00000007a0000000,0x00000007b0972bc0,0x00000007b5400000)
 Metaspace       used 99191K, capacity 104376K, committed 104448K, reserved 1142784K
  class space    used 11169K, capacity 11988K, committed 12032K, reserved 1048576K
}
Event: 91.710 GC heap before
{Heap before GC invocations=150 (full 4):
 PSYoungGen      total 146432K, used 121952K [0x00000007b5580000, 0x00000007bff80000, 0x00000007c0000000)
  eden space 120320K, 100% used [0x00000007b5580000,0x00000007bcb00000,0x00000007bcb00000)
  from space 26112K, 6% used [0x00000007bcb00000,0x00000007bcc98000,0x00000007be480000)
  to   space 26112K, 0% used [0x00000007be600000,0x00000007be600000,0x00000007bff80000)
 ParOldGen       total 348160K, used 271818K [0x00000007a0000000, 0x00000007b5400000, 0x00000007b5580000)
  object space 348160K, 78% used [0x00000007a0000000,0x00000007b0972bc0,0x00000007b5400000)
 Metaspace       used 99196K, capacity 104382K, committed 104448K, reserved 1142784K
  class space    used 11170K, capacity 11989K, committed 12032K, reserved 1048576K
Event: 91.719 GC heap after
Heap after GC invocations=150 (full 4):
 PSYoungGen      total 146944K, used 2955K [0x00000007b5580000, 0x00000007bfe00000, 0x00000007c0000000)
  eden space 122368K, 0% used [0x00000007b5580000,0x00000007b5580000,0x00000007bcd00000)
  from space 24576K, 12% used [0x00000007be600000,0x00000007be8e2da0,0x00000007bfe00000)
  to   space 25088K, 0% used [0x00000007bcd00000,0x00000007bcd00000,0x00000007be580000)
 ParOldGen       total 348160K, used 273350K [0x00000007a0000000, 0x00000007b5400000, 0x00000007b5580000)
  object space 348160K, 78% used [0x00000007a0000000,0x00000007b0af1bf0,0x00000007b5400000)
 Metaspace       used 99196K, capacity 104382K, committed 104448K, reserved 1142784K
  class space    used 11170K, capacity 11989K, committed 12032K, reserved 1048576K
}
Event: 92.580 GC heap before
{Heap before GC invocations=151 (full 4):
 PSYoungGen      total 146944K, used 125323K [0x00000007b5580000, 0x00000007bfe00000, 0x00000007c0000000)
  eden space 122368K, 100% used [0x00000007b5580000,0x00000007bcd00000,0x00000007bcd00000)
  from space 24576K, 12% used [0x00000007be600000,0x00000007be8e2da0,0x00000007bfe00000)
  to   space 25088K, 0% used [0x00000007bcd00000,0x00000007bcd00000,0x00000007be580000)
 ParOldGen       total 348160K, used 273350K [0x00000007a0000000, 0x00000007b5400000, 0x00000007b5580000)
  object space 348160K, 78% used [0x00000007a0000000,0x00000007b0af1bf0,0x00000007b5400000)
 Metaspace       used 99231K, capacity 104418K, committed 104704K, reserved 1142784K
  class space    used 11173K, capacity 11995K, committed 12032K, reserved 1048576K
Event: 92.590 GC heap after
Heap after GC invocations=151 (full 4):
 PSYoungGen      total 147456K, used 2080K [0x00000007b5580000, 0x00000007bff80000, 0x00000007c0000000)
  eden space 122368K, 0% used [0x00000007b5580000,0x00000007b5580000,0x00000007bcd00000)
  from space 25088K, 8% used [0x00000007bcd00000,0x00000007bcf08000,0x00000007be580000)
  to   space 24576K, 0% used [0x00000007be780000,0x00000007be780000,0x00000007bff80000)
 ParOldGen       total 348160K, used 275955K [0x00000007a0000000, 0x00000007b5400000, 0x00000007b5580000)
  object space 348160K, 79% used [0x00000007a0000000,0x00000007b0d7cc00,0x00000007b5400000)
 Metaspace       used 99231K, capacity 104418K, committed 104704K, reserved 1142784K
  class space    used 11173K, capacity 11995K, committed 12032K, reserved 1048576K
}
Event: 92.943 GC heap before
{Heap before GC invocations=152 (full 4):
 PSYoungGen      total 147456K, used 124448K [0x00000007b5580000, 0x00000007bff80000, 0x00000007c0000000)
  eden space 122368K, 100% used [0x00000007b5580000,0x00000007bcd00000,0x00000007bcd00000)
  from space 25088K, 8% used [0x00000007bcd00000,0x00000007bcf08000,0x00000007be580000)
  to   space 24576K, 0% used [0x00000007be780000,0x00000007be780000,0x00000007bff80000)
 ParOldGen       total 348160K, used 275955K [0x00000007a0000000, 0x00000007b5400000, 0x00000007b5580000)
  object space 348160K, 79% used [0x00000007a0000000,0x00000007b0d7cc00,0x00000007b5400000)
 Metaspace       used 99241K, capacity 104430K, committed 104704K, reserved 1142784K
  class space    used 11174K, capacity 11997K, committed 12032K, reserved 1048576K
Event: 92.953 GC heap after
Heap after GC invocations=152 (full 4):
 PSYoungGen      total 147456K, used 3968K [0x00000007b5580000, 0x00000007bfd80000, 0x00000007c0000000)
  eden space 124928K, 0% used [0x00000007b5580000,0x00000007b5580000,0x00000007bcf80000)
  from space 22528K, 17% used [0x00000007be780000,0x00000007beb60000,0x00000007bfd80000)
  to   space 23552K, 0% used [0x00000007bcf80000,0x00000007bcf80000,0x00000007be680000)
 ParOldGen       total 348160K, used 275955K [0x00000007a0000000, 0x00000007b5400000, 0x00000007b5580000)
  object space 348160K, 79% used [0x00000007a0000000,0x00000007b0d7cc00,0x00000007b5400000)
 Metaspace       used 99241K, capacity 104430K, committed 104704K, reserved 1142784K
  class space    used 11174K, capacity 11997K, committed 12032K, reserved 1048576K
}

